<?xml version="1.0" encoding="UTF-8"?>
<!-- Generated by org.testng.reporters.JUnitReportReporter -->
<testsuite skipped="0" hostname="DESKTOP-UV0GNPQ" name="tests.Sprint1Tests" tests="1" failures="0" timestamp="20 Jul 2019 12:27:03 GMT" time="5.793" errors="0">
  <testcase name="Sprint1Test" time="5.793" classname="tests.Sprint1Tests"/>
</testsuite> <!-- tests.Sprint1Tests -->
