<?xml version="1.0" encoding="UTF-8"?>
<!-- Generated by org.testng.reporters.JUnitReportReporter -->
<testsuite skipped="0" hostname="DESKTOP-UV0GNPQ" name="tests.Sprint3Tests" tests="2" failures="0" timestamp="18 Jul 2019 01:39:27 GMT" time="16.924" errors="0">
  <testcase name="Sprint3TestFemale" time="9.465" classname="tests.Sprint3Tests"/>
  <testcase name="Sprint3TestOther" time="7.459" classname="tests.Sprint3Tests"/>
</testsuite> <!-- tests.Sprint3Tests -->
