<?xml version="1.0" encoding="UTF-8"?>
<!-- Generated by org.testng.reporters.JUnitReportReporter -->
<testsuite skipped="0" hostname="DESKTOP-UV0GNPQ" name="tests.Sprint5Tests" tests="2" failures="0" timestamp="20 Jul 2019 13:29:23 GMT" time="13.095" errors="0">
  <testcase name="Sprint5TestOther" time="6.325" classname="tests.Sprint5Tests"/>
  <testcase name="Sprint5TestFemale" time="6.770" classname="tests.Sprint5Tests"/>
</testsuite> <!-- tests.Sprint5Tests -->
