<?xml version="1.0" encoding="UTF-8"?>
<!-- Generated by org.testng.reporters.JUnitReportReporter -->
<testsuite skipped="0" hostname="DESKTOP-UV0GNPQ" name="tests.Sprint3Tests" tests="2" failures="0" timestamp="20 Jul 2019 12:27:03 GMT" time="12.996" errors="0">
  <testcase name="Sprint3TestOther" time="5.292" classname="tests.Sprint3Tests"/>
  <testcase name="Sprint3TestFemale" time="7.704" classname="tests.Sprint3Tests"/>
</testsuite> <!-- tests.Sprint3Tests -->
