<?xml version="1.0" encoding="UTF-8"?>
<!-- Generated by org.testng.reporters.JUnitReportReporter -->
<testsuite skipped="0" hostname="DESKTOP-UV0GNPQ" name="tests.Sprint3Tests" tests="2" failures="0" timestamp="20 Jul 2019 13:29:23 GMT" time="12.894" errors="0">
  <testcase name="Sprint3TestFemale" time="5.250" classname="tests.Sprint3Tests"/>
  <testcase name="Sprint3TestOther" time="7.644" classname="tests.Sprint3Tests"/>
</testsuite> <!-- tests.Sprint3Tests -->
