<?xml version="1.0" encoding="UTF-8"?>
<!-- Generated by org.testng.reporters.JUnitReportReporter -->
<testsuite skipped="0" hostname="DESKTOP-UV0GNPQ" name="tests.Sprint5Tests" tests="2" failures="0" timestamp="18 Jul 2019 01:39:27 GMT" time="19.550" errors="0">
  <testcase name="Sprint5TestOther" time="8.889" classname="tests.Sprint5Tests"/>
  <testcase name="Sprint5TestFemale" time="10.661" classname="tests.Sprint5Tests"/>
</testsuite> <!-- tests.Sprint5Tests -->
