<?xml version="1.0" encoding="UTF-8"?>
<!-- Generated by org.testng.reporters.JUnitReportReporter -->
<testsuite skipped="0" hostname="DESKTOP-UV0GNPQ" name="tests.Sprint4Tests" tests="2" failures="0" timestamp="18 Jul 2019 01:39:27 GMT" time="20.211" errors="0">
  <testcase name="Sprint4TestOther" time="10.275" classname="tests.Sprint4Tests"/>
  <testcase name="Sprint4TestFemale" time="9.936" classname="tests.Sprint4Tests"/>
</testsuite> <!-- tests.Sprint4Tests -->
