<?xml version="1.0" encoding="UTF-8"?>
<!-- Generated by org.testng.reporters.JUnitReportReporter -->
<testsuite skipped="0" hostname="DESKTOP-UV0GNPQ" name="tests.Sprint1Tests" tests="1" failures="0" timestamp="20 Jul 2019 13:29:23 GMT" time="6.035" errors="0">
  <testcase name="Sprint1Test" time="6.035" classname="tests.Sprint1Tests"/>
</testsuite> <!-- tests.Sprint1Tests -->
