<?xml version="1.0" encoding="UTF-8"?>
<!-- Generated by org.testng.reporters.JUnitReportReporter -->
<testsuite skipped="0" hostname="DESKTOP-UV0GNPQ" name="tests.Sprint4Tests" tests="2" failures="0" timestamp="20 Jul 2019 13:29:23 GMT" time="13.147" errors="0">
  <testcase name="Sprint4TestOther" time="5.915" classname="tests.Sprint4Tests"/>
  <testcase name="Sprint4TestFemale" time="7.232" classname="tests.Sprint4Tests"/>
</testsuite> <!-- tests.Sprint4Tests -->
