<?xml version="1.0" encoding="UTF-8"?>
<!-- Generated by org.testng.reporters.JUnitReportReporter -->
<testsuite skipped="0" hostname="DESKTOP-UV0GNPQ" name="tests.Sprint5Tests" tests="2" failures="0" timestamp="20 Jul 2019 12:27:03 GMT" time="14.262" errors="0">
  <testcase name="Sprint5TestOther" time="7.694" classname="tests.Sprint5Tests"/>
  <testcase name="Sprint5TestFemale" time="6.568" classname="tests.Sprint5Tests"/>
</testsuite> <!-- tests.Sprint5Tests -->
