<?xml version="1.0" encoding="UTF-8"?>
<!-- Generated by org.testng.reporters.JUnitReportReporter -->
<testsuite skipped="0" hostname="DESKTOP-UV0GNPQ" name="tests.Sprint2Tests" tests="1" failures="0" timestamp="20 Jul 2019 13:29:23 GMT" time="5.932" errors="0">
  <testcase name="Sprint2Test" time="5.932" classname="tests.Sprint2Tests"/>
</testsuite> <!-- tests.Sprint2Tests -->
